             used    (Mb) gc trigger    (Mb)   max used    (Mb)
Ncells    8730409   466.3   14751020   787.8   14184542   757.6
Vcells 2883580799 22000.0 5940024219 45318.8 5928990287 45234.7
[1]  29511 253999
[1] 253999
10 x 21 sparse Matrix of class "dgCMatrix"
                                                    
AL627309.1 . . . . . . . . . . . . . . . . . . . . .
AL627309.5 . . . . . . . . . . . . . . . . . . . . .
LINC01409  . . . . 1 . . . . . . . . . . . . . 1 . .
LINC01128  . . . . . 1 . . . . . . . . . . 2 . . . .
LINC00115  . . . . . . . . . . . . . . . . . . . . .
FAM41C     . . . . . . . . . . . . . . . . . . . . .
NOC2L      . . . . . . . . . . . . . . . . . . 1 . .
KLHL17     . . 1 . . . . . . . . . . . . . . . . . .
AL645608.7 . . . . . . . . . . . . . . . . . . . . .
HES4       . . . . . . . . . . . . . . . . . . . . .
<0 x 0 matrix>
Modularity Optimizer version 1.3.0 by Ludo Waltman and Nees Jan van Eck

Number of nodes: 253999
Number of edges: 7987856

Running Louvain algorithm...
Maximum modularity in 10 random starts: 0.9712
Number of communities: 23
Elapsed time: 169 seconds
                     harmony_1   harmony_2  harmony_3   harmony_4   harmony_5
AAACCCAAGAGAGTGA-1_1 -6.232670 -0.90934036  0.5489336   1.4423840 -0.10927569
AAACCCAAGGACACTG-1_1 -1.493984  3.88915616 -3.2016622 -12.6740031  0.96976701
AAACCCAAGGTGCTTT-1_1 -2.093364 -9.09471507 -1.7679114  -9.7973679 -5.97819618
AAACCCACACCATAAC-1_1  1.168661 -0.04266941  1.6736716   0.2372851 -0.38265008
AAACCCACAGCCCAGT-1_1 12.468860  9.72929466 -2.4378694   1.2201903 -0.02107974
Modularity Optimizer version 1.3.0 by Ludo Waltman and Nees Jan van Eck

Number of nodes: 253999
Number of edges: 8428688

Running Louvain algorithm...
Maximum modularity in 10 random starts: 0.9730
Number of communities: 27
Elapsed time: 179 seconds
20 x 10 sparse Matrix of class "dgCMatrix"
                              
AL627309.1 . . . . . . . . . .
AL627309.5 . . . . . . . . . .
LINC01409  . . . . . 1 . . . .
LINC01128  . . . . 1 . . . . .
LINC00115  . . . . . . . . . .
FAM41C     . . . . . . . . . .
NOC2L      . . . 1 . . . . . .
KLHL17     . . . . . . . . . .
AL645608.7 . . . . . . . . . .
HES4       . . . . . . . . . .
ISG15      . . . . . . . . . .
AGRN       . 1 . . . . . . . .
C1orf159   . . . 0 . 1 . 1 . .
AL390719.3 . . . . . . . . . .
TNFRSF18   . . . . . . . . . .
SDF4       . . . 0 . . 1 1 . .
B3GALT6    . . . 1 . . . . . .
UBE2J2     . . . . . . . . . .
LINC01786  . . . 2 . . . . . .
SCNN1D     . . . . . . . . . .
20 x 10 sparse Matrix of class "dgCMatrix"
                                                                           
AL627309.1 . .         . .         .        .        .        .         . .
AL627309.5 . .         . .         .        .        .        .         . .
LINC01409  . .         . .         .        0.613422 .        .         . .
LINC01128  . .         . .         1.456164 .        .        .         . .
LINC00115  . .         . .         .        .        .        .         . .
FAM41C     . .         . .         .        .        .        .         . .
NOC2L      . .         . 0.3994891 .        .        .        .         . .
KLHL17     . .         . .         .        .        .        .         . .
AL645608.7 . .         . .         .        .        .        .         . .
HES4       . .         . .         .        .        .        .         . .
ISG15      . .         . .         .        .        .        .         . .
AGRN       . 0.7245634 . .         .        .        .        .         . .
C1orf159   . .         . 0.0000000 .        0.613422 .        0.4374527 . .
AL390719.3 . .         . .         .        .        .        .         . .
TNFRSF18   . .         . .         .        .        .        .         . .
SDF4       . .         . 0.0000000 .        .        1.421819 0.4374527 . .
B3GALT6    . .         . 0.3994891 .        .        .        .         . .
UBE2J2     . .         . .         .        .        .        .         . .
LINC01786  . .         . 0.6841697 .        .        .        .         . .
SCNN1D     . .         . .         .        .        .        .         . .
           AAACCCAAGAGAGTGA-1_1 AAACCCAAGGACACTG-1_1 AAACCCAAGGTGCTTT-1_1
PRDM16              -0.32397988          -0.55763433          -0.17176790
SLC2A5              -0.19436834          -0.22447497          -0.12505608
MIR34AHG            -0.16465251          -0.42601128          -0.12875444
KAZN                -0.93800438           1.73305445           1.53185284
AL357873.1          -0.27102727           1.08201063          -0.20076677
KAZN-AS1            -0.23897577           1.45568232          -0.18376078
SRARP               -0.07006245          -0.14093569          -0.05711661
ALPL                -0.07149011          -0.14214408          -0.06370977
ID3                 -0.14899816          -0.21964177          -0.11302307
TINAGL1             -0.06483145          -0.12933141          -0.05752851
GRIK3               -0.26399974           4.21162382          -0.23009177
AL353604.1          -0.14997167          -0.43282537          -0.19024668
MFSD2A              -0.12672579          -0.25598376          -0.12841931
SLC2A1              -0.18867572          -0.23933242          -0.20951670
TIE1                -0.08119136          -0.13580239          -0.09519856
RNF220              -0.83595559          -0.01393847          -1.30466259
PIK3R3              -0.25108347           2.83505613          -0.24547172
AGBL4                1.39947052           0.55921890           1.42130254
AC099788.1          -0.22474405          -0.55100749          -0.16929404
AL603840.1          -0.08818903          -0.08050519          -0.11912598
           AAACCCACACCATAAC-1_1 AAACCCACAGCCCAGT-1_1 AAACCCACATGACTGT-1_1
PRDM16              -0.26907857         -0.136356991          -0.20867607
SLC2A5               0.01250921         -0.091386840          -0.04605752
MIR34AHG            -0.55435101         -0.146686659          -0.33498380
KAZN                -0.59381830          0.528121432           0.66548541
AL357873.1          -0.83256137         -0.239066874          -0.51269854
KAZN-AS1            -0.81935547         -0.221984279          -0.49920656
SRARP               -0.01407758          0.006834584          -0.02150469
ALPL                -0.06683674         -0.017403309          -0.05416951
ID3                 -0.02599187         -0.045281643          -0.05447796
TINAGL1             -0.01817049          0.004692410          -0.02497250
GRIK3                1.19572953         -0.337045563          -0.52513539
AL353604.1          -0.74808017         -0.185668115          -0.46814520
MFSD2A              -0.22055322         -0.068585011          -0.16087040
SLC2A1              -0.10107434         -0.098676804          -0.14079713
TIE1                -0.03215758         -0.009388720          -0.05131853
RNF220               0.10396014          2.335560381          -0.64328139
PIK3R3              -0.71847717         -0.258273210          -0.47428500
AGBL4                0.02370022         -0.873644557           1.10310524
AC099788.1          -0.65056483         -0.167892509          -0.40343796
AL603840.1          -0.08348372         -0.076881446          -0.10207412
           AAACCCAGTAAGACCG-1_1 AAACCCAGTCCTTTGC-1_1 AAACCCAGTTGCAAGG-1_1
PRDM16               4.83054041        -0.1286354163          -0.21534907
SLC2A5              -0.20076482         0.0412467277          -0.18125472
MIR34AHG            -0.25297725        -0.4299979375          -0.11074106
KAZN                -1.21055089        -0.0601623175          -0.71671453
AL357873.1          -0.41851938        -0.6414864108          -0.16320480
KAZN-AS1            -0.38199671        -0.6394778622          -0.13474111
SRARP               -0.07077779         0.0001975558          -0.07476229
ALPL                -0.07644705        -0.0492701252          -0.07428175
ID3                  5.95127177        -0.0042112875          -0.14466269
TINAGL1             -0.06476358        -0.0081958649          -0.06934822
GRIK3               -0.37145714        -0.6633213167          -0.19231620
AL353604.1          -0.24535354         1.0387145266          -0.08835580
MFSD2A              -0.14659637        -0.1873602393          -0.12138497
SLC2A1              -0.17874834        -0.1230781908          -0.19200517
TIE1                -0.07676335        -0.0420795421          -0.08360721
RNF220              -0.58841650        -0.5592883672          -0.85058925
PIK3R3              -0.33202913         0.4204235115          -0.21245928
AGBL4                0.75104375         0.4118965817          -0.48982823
AC099788.1          -0.34634264        -0.4995333556          -0.13058314
AL603840.1          -0.08570239        -0.1123845685          -0.07859499
           AAACCCAGTTTATGCG-1_1
PRDM16              -0.45436324
SLC2A5              -0.20619332
MIR34AHG            -0.28558349
KAZN                 1.88978519
AL357873.1          -0.46357881
KAZN-AS1            -0.42527684
SRARP               -0.08370825
ALPL                -0.08847536
ID3                 -0.16636083
TINAGL1             -0.07663777
GRIK3                2.25916479
AL353604.1          -0.28020012
MFSD2A              -0.16665405
SLC2A1              -0.18998928
TIE1                -0.08765933
RNF220              -0.48391723
PIK3R3               2.45150412
AGBL4               -1.29366256
AC099788.1          -0.38598739
AL603840.1          -0.08501435
[1]  28628 253999
[1]  28628 253999
[1]   2000 253999
