             used   (Mb) gc trigger    (Mb)   max used    (Mb)
Ncells    9555491  510.4   14313228   764.5   14313228   764.5
Vcells 1240278421 9462.6 3866593133 29499.8 4794988819 36582.9
<0 x 0 matrix>
Modularity Optimizer version 1.3.0 by Ludo Waltman and Nees Jan van Eck

Number of nodes: 109997
Number of edges: 3687523

Running Louvain algorithm...
Maximum modularity in 10 random starts: 0.9782
Number of communities: 17
Elapsed time: 41 seconds
Modularity Optimizer version 1.3.0 by Ludo Waltman and Nees Jan van Eck

Number of nodes: 109997
Number of edges: 3687523

Running Louvain algorithm...
Maximum modularity in 10 random starts: 0.9703
Number of communities: 21
Elapsed time: 43 seconds
Modularity Optimizer version 1.3.0 by Ludo Waltman and Nees Jan van Eck

Number of nodes: 109997
Number of edges: 3687523

Running Louvain algorithm...
Maximum modularity in 10 random starts: 0.9637
Number of communities: 29
Elapsed time: 42 seconds
Modularity Optimizer version 1.3.0 by Ludo Waltman and Nees Jan van Eck

Number of nodes: 109997
Number of edges: 3687523

Running Louvain algorithm...
Maximum modularity in 10 random starts: 0.9582
Number of communities: 33
Elapsed time: 38 seconds
Modularity Optimizer version 1.3.0 by Ludo Waltman and Nees Jan van Eck

Number of nodes: 109997
Number of edges: 3687523

Running Louvain algorithm...
Maximum modularity in 10 random starts: 0.9530
Number of communities: 35
Elapsed time: 34 seconds
Modularity Optimizer version 1.3.0 by Ludo Waltman and Nees Jan van Eck

Number of nodes: 109997
Number of edges: 3687523

Running Louvain algorithm...
Maximum modularity in 10 random starts: 0.9479
Number of communities: 36
Elapsed time: 36 seconds
Modularity Optimizer version 1.3.0 by Ludo Waltman and Nees Jan van Eck

Number of nodes: 109997
Number of edges: 3687523

Running Louvain algorithm...
Maximum modularity in 10 random starts: 0.9429
Number of communities: 40
Elapsed time: 35 seconds
Modularity Optimizer version 1.3.0 by Ludo Waltman and Nees Jan van Eck

Number of nodes: 109997
Number of edges: 3687523

Running Louvain algorithm...
Maximum modularity in 10 random starts: 0.9391
Number of communities: 41
Elapsed time: 38 seconds
Modularity Optimizer version 1.3.0 by Ludo Waltman and Nees Jan van Eck

Number of nodes: 109997
Number of edges: 3687523

Running Louvain algorithm...
Maximum modularity in 10 random starts: 0.9352
Number of communities: 43
Elapsed time: 40 seconds
Modularity Optimizer version 1.3.0 by Ludo Waltman and Nees Jan van Eck

Number of nodes: 109997
Number of edges: 3687523

Running Louvain algorithm...
Maximum modularity in 10 random starts: 0.9315
Number of communities: 46
Elapsed time: 38 seconds
                       harmony_1 harmony_2  harmony_3  harmony_4   harmony_5
s1_AAACGCTGTTTGTGGT-1 -10.938320 -6.260604  7.2973867 -4.6371730 -3.97888054
s1_AAATGGAGTGGTGATG-1  -7.822739 -3.046372  5.5053618 -5.1629642 -2.69268868
s1_AACCTGATCTCGTTTA-1   7.280754 -3.059231  1.3334985 -0.3783667 -0.08325059
s1_AATGGAATCGAAGCAG-1   3.965834  9.344138 -0.8787184 -4.7220943 -0.02497861
s1_ACACTGATCTACTATC-1  -9.474352 -2.919581  2.4759911 -2.1263235  5.42403828
Modularity Optimizer version 1.3.0 by Ludo Waltman and Nees Jan van Eck

Number of nodes: 109997
Number of edges: 3603681

Running Louvain algorithm...
Maximum modularity in 10 random starts: 0.9760
Number of communities: 12
Elapsed time: 52 seconds
Modularity Optimizer version 1.3.0 by Ludo Waltman and Nees Jan van Eck

Number of nodes: 109997
Number of edges: 3603681

Running Louvain algorithm...
Maximum modularity in 10 random starts: 0.9629
Number of communities: 16
Elapsed time: 53 seconds
Modularity Optimizer version 1.3.0 by Ludo Waltman and Nees Jan van Eck

Number of nodes: 109997
Number of edges: 3603681

Running Louvain algorithm...
Maximum modularity in 10 random starts: 0.9529
Number of communities: 21
Elapsed time: 49 seconds
Modularity Optimizer version 1.3.0 by Ludo Waltman and Nees Jan van Eck

Number of nodes: 109997
Number of edges: 3603681

Running Louvain algorithm...
Maximum modularity in 10 random starts: 0.9443
Number of communities: 22
Elapsed time: 54 seconds
Modularity Optimizer version 1.3.0 by Ludo Waltman and Nees Jan van Eck

Number of nodes: 109997
Number of edges: 3603681

Running Louvain algorithm...
Maximum modularity in 10 random starts: 0.9371
Number of communities: 25
Elapsed time: 51 seconds
Modularity Optimizer version 1.3.0 by Ludo Waltman and Nees Jan van Eck

Number of nodes: 109997
Number of edges: 3603681

Running Louvain algorithm...
Maximum modularity in 10 random starts: 0.9308
Number of communities: 25
Elapsed time: 62 seconds
Modularity Optimizer version 1.3.0 by Ludo Waltman and Nees Jan van Eck

Number of nodes: 109997
Number of edges: 3603681

Running Louvain algorithm...
Maximum modularity in 10 random starts: 0.9243
Number of communities: 27
Elapsed time: 44 seconds
Modularity Optimizer version 1.3.0 by Ludo Waltman and Nees Jan van Eck

Number of nodes: 109997
Number of edges: 3603681

Running Louvain algorithm...
Maximum modularity in 10 random starts: 0.9184
Number of communities: 29
Elapsed time: 44 seconds
Modularity Optimizer version 1.3.0 by Ludo Waltman and Nees Jan van Eck

Number of nodes: 109997
Number of edges: 3603681

Running Louvain algorithm...
Maximum modularity in 10 random starts: 0.9130
Number of communities: 29
Elapsed time: 48 seconds
Modularity Optimizer version 1.3.0 by Ludo Waltman and Nees Jan van Eck

Number of nodes: 109997
Number of edges: 3603681

Running Louvain algorithm...
Maximum modularity in 10 random starts: 0.9081
Number of communities: 30
Elapsed time: 44 seconds
20 x 10 sparse Matrix of class "dgCMatrix"
                              
AL627309.1 . . . . . . . . . .
AL627309.5 . . . . . . . . . 1
AL627309.4 . . . . . . . . . .
AL669831.2 . . . . . . . . . .
LINC01409  . . . . 1 . . . . .
FAM87B     . . . . . . . . . .
LINC01128  . . . . . . . . . .
LINC00115  . . . . . . . . . .
FAM41C     . . . . . . . . . .
AL645608.6 . . . . . . . . . .
AL645608.2 . . . . . . . . . .
LINC02593  . . . . . . . . . .
SAMD11     . . . . . . . . . .
NOC2L      . . . . . . . . . .
KLHL17     . . . . . . . . . .
PLEKHN1    . . . . . . . . . .
AL645608.7 . . . . . . . . . .
HES4       . 1 . . . . . . . .
ISG15      . . . . . . . . . .
AL645608.1 . . . . . . . . . .
20 x 10 sparse Matrix of class "dgCMatrix"
                                                   
AL627309.1 . .        . . .        . . . . .       
AL627309.5 . .        . . .        . . . . 1.418251
AL627309.4 . .        . . .        . . . . .       
AL669831.2 . .        . . .        . . . . .       
LINC01409  . .        . . 1.512061 . . . . .       
FAM87B     . .        . . .        . . . . .       
LINC01128  . .        . . .        . . . . .       
LINC00115  . .        . . .        . . . . .       
FAM41C     . .        . . .        . . . . .       
AL645608.6 . .        . . .        . . . . .       
AL645608.2 . .        . . .        . . . . .       
LINC02593  . .        . . .        . . . . .       
SAMD11     . .        . . .        . . . . .       
NOC2L      . .        . . .        . . . . .       
KLHL17     . .        . . .        . . . . .       
PLEKHN1    . .        . . .        . . . . .       
AL645608.7 . .        . . .        . . . . .       
HES4       . 1.417303 . . .        . . . . .       
ISG15      . .        . . .        . . . . .       
AL645608.1 . .        . . .        . . . . .       
           s1_AAACGCTGTTTGTGGT-1 s1_AAATGGAGTGGTGATG-1 s1_AACCTGATCTCGTTTA-1
VWA1                -0.318456442          -0.276237322          -0.128654863
MMEL1               -0.012580029          -0.013478152          -0.034426296
AC242022.2          -0.057683624          -0.062347119          -0.029980440
AL365255.1          -0.165771137          -0.161441031          -0.043481041
CA6                 -0.019913059          -0.019766220          -0.013908266
MIR34AHG            -0.232407816          -0.224686992          -0.114920937
SPSB1               -0.301066989          -0.246984423          -0.047239273
CORT                -0.084556485          -0.090944190          -0.226093011
AL021155.5          -0.067616065          -0.069600795          -0.070592287
AADACL4             -0.015558656          -0.012979569          -0.006658665
C1orf158            -0.006975685          -0.008003187          -0.036399532
LRRC38              -0.065997836          -0.066838971          -0.077857446
KAZN                -0.651821012          -0.455895073          -0.883287957
AL357873.1          -0.407148090          -0.417391333          -0.179782787
KAZN-AS1            -0.386812337          -0.393738101          -0.149319164
TMEM51              -0.189489196          -0.200162128          -0.124417599
FHAD1               -0.137018622          -0.130821629          -0.081058544
PADI2               -0.293015686          -0.248296613          -0.161457280
PADI1               -0.015993260          -0.017840996          -0.010424472
IGSF21              -0.511026921          -0.491405788          -0.349176848
           s1_AATGGAATCGAAGCAG-1 s1_ACACTGATCTACTATC-1 s1_AGAAGTAGTGGACTAG-1
VWA1                -0.267036733          -0.326293471          -0.339922366
MMEL1               -0.022692023          -0.019272094          -0.022039514
AC242022.2          -0.075628075          -0.068601377          -0.069731053
AL365255.1          -0.147328675          -0.143395353          -0.114780075
CA6                 -0.019896589          -0.020834952          -0.021701100
MIR34AHG            -0.195601280          -0.195901854          -0.161048332
SPSB1               -0.207277125          -0.278776525          -0.273110399
CORT                -0.115320335          -0.104075275          -0.119567694
AL021155.5          -0.070485176          -0.068736563          -0.069496814
AADACL4             -0.004484496          -0.010074267          -0.009648106
C1orf158            -0.007402501          -0.006632688          -0.008649137
LRRC38              -0.046910157          -0.048993689          -0.042991162
KAZN                 0.429557316          -1.420778616          -1.320766381
AL357873.1          -0.486726858          -0.451270155          -0.433826491
KAZN-AS1            -0.442073246          -0.414693354          -0.392497408
TMEM51              -0.173482956          -0.169611747          -0.158640485
FHAD1               -0.128883059          -0.127163627          -0.110973692
PADI2               -0.201321180          -0.268893862          -0.274775066
PADI1               -0.017919270          -0.017056689          -0.017908824
IGSF21               2.411841393          -0.489211445          -0.437331949
           s1_AGTTCGAAGATACCAA-1 s1_ATAGACCTCGAAGCCC-1 s1_ATCACGATCTTGAACG-1
VWA1                -0.392012750           -0.29638969          -0.255128581
MMEL1               -0.019049286           -0.01743877          -0.033536067
AC242022.2          -0.063714601           -0.06292027          -0.050215774
AL365255.1          -0.143164119           -0.13217259          -0.057548992
CA6                 -0.021368529           -0.02046409          -0.017944673
MIR34AHG            -0.197691328           -0.18903637          -0.110958955
SPSB1               -0.355153019           -0.24799266          -0.166191815
CORT                -0.098529217           -0.10954540          -0.192543255
AL021155.5          -0.066131238           -0.06982954          -0.069444084
AADACL4             -0.013125616           -0.01209203          -0.006102324
C1orf158            -0.005171291           -0.01013204          -0.024218348
LRRC38              -0.044578237           -0.05880744          -0.050609214
KAZN                 1.138439157           -1.40760151          -0.979084212
AL357873.1          -0.441179053           -0.40189984          -0.304067626
KAZN-AS1            -0.406676694           -0.37201391          -0.260104603
TMEM51              -0.150691155           -0.18165496          -0.115270373
FHAD1               -0.132600233           -0.11661057          -0.089592115
PADI2               -0.332407577           -0.25871455          -0.227023058
PADI1               -0.014744097           -0.01787978          -0.012870660
IGSF21              -0.507287536           -0.44843804          -0.379853800
           s1_ATCCCTGAGATGGGCT-1
VWA1                -0.300686399
MMEL1               -0.009314700
AC242022.2          -0.055963728
AL365255.1          -0.154395391
CA6                 -0.020481857
MIR34AHG            -0.222136087
SPSB1               -0.278929870
CORT                -0.082439321
AL021155.5          -0.069329965
AADACL4             -0.018066713
C1orf158            -0.008685386
LRRC38              -0.073703173
KAZN                 0.996272181
AL357873.1          -0.372199105
KAZN-AS1            -0.357954330
TMEM51              -0.209024733
FHAD1               -0.123316056
PADI2               -0.287469351
PADI1               -0.018375728
IGSF21              -0.457216686
[1]  29722 109997
[1]  29722 109997
[1]   4000 109997
