             used    (Mb) gc trigger    (Mb)   max used    (Mb)
Ncells    9551372   510.1   14313298   764.5   14313298   764.5
Vcells 2520888834 19232.9 4605196874 35134.9 3841699647 29309.9
<0 x 0 matrix>
Modularity Optimizer version 1.3.0 by Ludo Waltman and Nees Jan van Eck

Number of nodes: 225427
Number of edges: 7699445

Running Louvain algorithm...
Maximum modularity in 10 random starts: 0.9881
Number of communities: 25
Elapsed time: 124 seconds
Modularity Optimizer version 1.3.0 by Ludo Waltman and Nees Jan van Eck

Number of nodes: 225427
Number of edges: 7699445

Running Louvain algorithm...
Maximum modularity in 10 random starts: 0.9825
Number of communities: 33
Elapsed time: 136 seconds
Modularity Optimizer version 1.3.0 by Ludo Waltman and Nees Jan van Eck

Number of nodes: 225427
Number of edges: 7699445

Running Louvain algorithm...
Maximum modularity in 10 random starts: 0.9780
Number of communities: 41
Elapsed time: 115 seconds
Modularity Optimizer version 1.3.0 by Ludo Waltman and Nees Jan van Eck

Number of nodes: 225427
Number of edges: 7699445

Running Louvain algorithm...
Maximum modularity in 10 random starts: 0.9743
Number of communities: 44
Elapsed time: 126 seconds
Modularity Optimizer version 1.3.0 by Ludo Waltman and Nees Jan van Eck

Number of nodes: 225427
Number of edges: 7699445

Running Louvain algorithm...
Maximum modularity in 10 random starts: 0.9711
Number of communities: 50
Elapsed time: 128 seconds
Modularity Optimizer version 1.3.0 by Ludo Waltman and Nees Jan van Eck

Number of nodes: 225427
Number of edges: 7699445

Running Louvain algorithm...
Maximum modularity in 10 random starts: 0.9681
Number of communities: 55
Elapsed time: 120 seconds
Modularity Optimizer version 1.3.0 by Ludo Waltman and Nees Jan van Eck

Number of nodes: 225427
Number of edges: 7699445

Running Louvain algorithm...
Maximum modularity in 10 random starts: 0.9653
Number of communities: 60
Elapsed time: 115 seconds
Modularity Optimizer version 1.3.0 by Ludo Waltman and Nees Jan van Eck

Number of nodes: 225427
Number of edges: 7699445

Running Louvain algorithm...
Maximum modularity in 10 random starts: 0.9625
Number of communities: 59
Elapsed time: 93 seconds
Modularity Optimizer version 1.3.0 by Ludo Waltman and Nees Jan van Eck

Number of nodes: 225427
Number of edges: 7699445

Running Louvain algorithm...
Maximum modularity in 10 random starts: 0.9599
Number of communities: 62
Elapsed time: 126 seconds
Modularity Optimizer version 1.3.0 by Ludo Waltman and Nees Jan van Eck

Number of nodes: 225427
Number of edges: 7699445

Running Louvain algorithm...
Maximum modularity in 10 random starts: 0.9572
Number of communities: 66
Elapsed time: 120 seconds
                       harmony_1   harmony_2   harmony_3 harmony_4  harmony_5
s1_AAACGAACAGATTCGT-1   6.634474   0.2090806  -1.2709731 0.7814623 16.6892808
s1_AAACGAACAGGCACTC-1   2.960732 -14.6440179  26.7595781 0.3951059  2.5777281
s1_AAACGAAGTCGCCTAG-1   7.015801 -17.6304712  -9.6882209 2.8730531  2.5751890
s1_AAACGCTAGCGAGAAA-1   1.084418 -13.1853938 -11.7404408 3.4350420 -1.3768988
s1_AAACGCTGTTTGTGGT-1 -28.218403   0.8643670  -0.7552926 7.3100380 -0.2743743
Modularity Optimizer version 1.3.0 by Ludo Waltman and Nees Jan van Eck

Number of nodes: 225427
Number of edges: 6755524

Running Louvain algorithm...
Maximum modularity in 10 random starts: 0.9808
Number of communities: 15
Elapsed time: 130 seconds
Modularity Optimizer version 1.3.0 by Ludo Waltman and Nees Jan van Eck

Number of nodes: 225427
Number of edges: 6755524

Running Louvain algorithm...
Maximum modularity in 10 random starts: 0.9672
Number of communities: 20
Elapsed time: 126 seconds
Modularity Optimizer version 1.3.0 by Ludo Waltman and Nees Jan van Eck

Number of nodes: 225427
Number of edges: 6755524

Running Louvain algorithm...
Maximum modularity in 10 random starts: 0.9553
Number of communities: 25
Elapsed time: 120 seconds
Modularity Optimizer version 1.3.0 by Ludo Waltman and Nees Jan van Eck

Number of nodes: 225427
Number of edges: 6755524

Running Louvain algorithm...
Maximum modularity in 10 random starts: 0.9439
Number of communities: 28
Elapsed time: 120 seconds
Modularity Optimizer version 1.3.0 by Ludo Waltman and Nees Jan van Eck

Number of nodes: 225427
Number of edges: 6755524

Running Louvain algorithm...
Maximum modularity in 10 random starts: 0.9355
Number of communities: 30
Elapsed time: 116 seconds
Modularity Optimizer version 1.3.0 by Ludo Waltman and Nees Jan van Eck

Number of nodes: 225427
Number of edges: 6755524

Running Louvain algorithm...
Maximum modularity in 10 random starts: 0.9275
Number of communities: 32
Elapsed time: 136 seconds
Modularity Optimizer version 1.3.0 by Ludo Waltman and Nees Jan van Eck

Number of nodes: 225427
Number of edges: 6755524

Running Louvain algorithm...
Maximum modularity in 10 random starts: 0.9209
Number of communities: 37
Elapsed time: 134 seconds
Modularity Optimizer version 1.3.0 by Ludo Waltman and Nees Jan van Eck

Number of nodes: 225427
Number of edges: 6755524

Running Louvain algorithm...
Maximum modularity in 10 random starts: 0.9155
Number of communities: 38
Elapsed time: 147 seconds
Modularity Optimizer version 1.3.0 by Ludo Waltman and Nees Jan van Eck

Number of nodes: 225427
Number of edges: 6755524

Running Louvain algorithm...
Maximum modularity in 10 random starts: 0.9104
Number of communities: 41
Elapsed time: 152 seconds
Modularity Optimizer version 1.3.0 by Ludo Waltman and Nees Jan van Eck

Number of nodes: 225427
Number of edges: 6755524

Running Louvain algorithm...
Maximum modularity in 10 random starts: 0.9054
Number of communities: 45
Elapsed time: 169 seconds
20 x 10 sparse Matrix of class "dgCMatrix"
                              
AL627309.1 . . . . . . . . . .
AL627309.5 . . . . . . . . . .
AL627309.4 . . . . . . . . . .
AL669831.2 . . . . . . . . . .
LINC01409  . . . . . . . . . .
FAM87B     . . . . . . . . . .
LINC01128  . . . . . . . . . .
LINC00115  . . . . . . . . . .
FAM41C     . . . . . . . . . .
AL645608.6 . . . . . . . . . .
AL645608.2 . . . . . . . . . .
LINC02593  . . . . . . . . . .
SAMD11     . . . . . . . . . .
NOC2L      . . . . . . . . . .
KLHL17     . . . . . . . . . .
PLEKHN1    . . . . . . . . . .
AL645608.7 . . . . . . . . . .
HES4       . . . . . . . . . .
ISG15      . . . . . . . . . .
AL645608.1 . . . . . . . . . .
20 x 10 sparse Matrix of class "dgCMatrix"
                              
AL627309.1 . . . . . . . . . .
AL627309.5 . . . . . . . . . .
AL627309.4 . . . . . . . . . .
AL669831.2 . . . . . . . . . .
LINC01409  . . . . . . . . . .
FAM87B     . . . . . . . . . .
LINC01128  . . . . . . . . . .
LINC00115  . . . . . . . . . .
FAM41C     . . . . . . . . . .
AL645608.6 . . . . . . . . . .
AL645608.2 . . . . . . . . . .
LINC02593  . . . . . . . . . .
SAMD11     . . . . . . . . . .
NOC2L      . . . . . . . . . .
KLHL17     . . . . . . . . . .
PLEKHN1    . . . . . . . . . .
AL645608.7 . . . . . . . . . .
HES4       . . . . . . . . . .
ISG15      . . . . . . . . . .
AL645608.1 . . . . . . . . . .
           s1_AAACGAACAGATTCGT-1 s1_AAACGAACAGGCACTC-1 s1_AAACGAAGTCGCCTAG-1
LINC02593           -0.069543102          -0.067201011           -0.07276314
SAMD11              -0.201127882          -0.171396576           -0.19317192
AL645608.7          -0.053207762          -0.036963179           -0.04483134
HES4                -0.170089901          -0.071805144           -0.10164538
TTLL10              -0.129488604          -0.071267951           -0.08198067
ATAD3C              -0.224390162          -0.376265061           -0.34623629
HES5                -0.052227594          -0.050338049           -0.04858547
MMEL1               -0.082811538          -0.058946794           -0.06733684
TTC34               -0.345084030          -0.219411726           -0.25266433
AC242022.2          -0.024127109          -0.027253074           -0.03517261
PRDM16-DT           -0.142137383          -0.126252524           -0.14172203
PRDM16              -0.419324965          -0.372702367           -0.41063873
AL590438.1          -0.016658942          -0.011477594           -0.01351667
AJAP1               -0.191605559          -0.198504334           -0.23839764
Z98259.3            -0.033792124          -0.029892985           -0.02774424
AL365255.1          -0.007574964          -0.004263969           -0.04037040
KCNAB2              -0.249617763           3.515408686            2.82055171
CHD5                -0.162743329           0.017586602           -0.06487598
TNFRSF25            -0.026631071          -0.018543693           -0.08625227
SLC2A5              -0.545534712          -0.373791102           -0.40276647
           s1_AAACGCTAGCGAGAAA-1 s1_AAACGCTGTTTGTGGT-1 s1_AAAGAACTCCCTTGTG-1
LINC02593            -0.05769503           -0.05862264          -0.067416936
SAMD11               -0.16153474           -0.14403573          -0.180858499
AL645608.7           -0.03964650           -0.02928434          -0.042183584
HES4                 -0.12019644           -0.04119704          -0.103922203
TTLL10               -0.09829024           -0.06897121          -0.083544957
ATAD3C               -0.34028147           -0.40003447          -0.355380651
HES5                 -0.04238928           -0.02386779          -0.048574648
MMEL1                -0.06423818           -0.04952925          -0.064989533
TTC34                -0.25542874           -0.20954435          -0.243512422
AC242022.2           -0.01846366           -0.01641673          -0.030044749
PRDM16-DT            -0.09520097           -0.09639800          -0.124622002
PRDM16                4.39455725           -0.30992303          -0.374307386
AL590438.1           -0.01017064           -0.01026376          -0.011815588
AJAP1                -0.16396908            1.92562244          -0.197348098
Z98259.3             -0.02851585           -0.04029254          -0.026461291
AL365255.1            0.02746718           -0.04272315          -0.009262937
KCNAB2               -0.15203035            2.31801713          -0.115510006
CHD5                 -0.03553568            1.93050342          -0.027942119
TNFRSF25              0.02506166            3.54670890          -0.040611640
SLC2A5               -0.44020855           -0.30154613          -0.409840809
           s1_AAAGAACTCGCCTTGT-1 s1_AAAGGATTCATCTGTT-1 s1_AAAGGATTCTATCGGA-1
LINC02593            -0.08115774          -0.069609834           -0.06435283
SAMD11               -0.21150592          -0.182213363           -0.17137393
AL645608.7           -0.04891571          -0.041421992           -0.04007132
HES4                 -0.10401979          -0.094359003           -0.10450679
TTLL10               -0.09260611          -0.085090362           -0.09797458
ATAD3C               -0.27812733          -0.332087348           -0.30477981
HES5                 -0.06121326          -0.055083912           -0.05389421
MMEL1                -0.07477944          -0.065690977           -0.06650629
TTC34                -0.29339332          -0.252270614           -0.26968783
AC242022.2           -0.03519893          -0.027227206           -0.01814395
PRDM16-DT            -0.17943677          -0.137806897           -0.12531864
PRDM16               -0.48819023          -0.399299746           -0.37375174
AL590438.1           -0.01799743          -0.013342544           -0.01321570
AJAP1                -0.23942026          -0.186203211           -0.16052830
Z98259.3             -0.03548155          -0.031213104           -0.03507323
AL365255.1           -0.04901159          -0.001990683            0.02453775
KCNAB2               -0.11967267          -0.088203480           -0.10846857
CHD5                 -0.09080580          -0.014130887           -0.02193877
TNFRSF25             -0.08285465          -0.016254122            0.03707875
SLC2A5               -0.45138869          -0.422941603           -0.45565520
           s1_AAAGGGCCATCAGTGT-1
LINC02593            -0.07001736
SAMD11               -0.17624124
AL645608.7           -0.03808092
HES4                 -0.06762362
TTLL10               -0.07907510
ATAD3C               -0.33844479
HES5                 -0.04689466
MMEL1                -0.06148914
TTC34                -0.24717293
AC242022.2           -0.02469777
PRDM16-DT            -0.14026011
PRDM16                3.15093954
AL590438.1           -0.01411983
AJAP1                -0.25477445
Z98259.3             -0.03819126
AL365255.1           -0.03284447
KCNAB2               -0.08389714
CHD5                 -0.05336617
TNFRSF25             -0.03701460
SLC2A5               -0.38035849
[1]  29722 225427
[1]  29722 225427
[1]   8000 225427
