             used    (Mb) gc trigger    (Mb)   max used    (Mb)
Ncells    9553585   510.3   14065608   751.2   14065608   751.2
Vcells 2520890814 19232.9 4605199250 35134.9 3841701627 29309.9
<0 x 0 matrix>
Modularity Optimizer version 1.3.0 by Ludo Waltman and Nees Jan van Eck

Number of nodes: 225427
Number of edges: 7793169

Running Louvain algorithm...
Maximum modularity in 10 random starts: 0.9854
Number of communities: 20
Elapsed time: 141 seconds
Modularity Optimizer version 1.3.0 by Ludo Waltman and Nees Jan van Eck

Number of nodes: 225427
Number of edges: 7793169

Running Louvain algorithm...
Maximum modularity in 10 random starts: 0.9784
Number of communities: 28
Elapsed time: 174 seconds
Modularity Optimizer version 1.3.0 by Ludo Waltman and Nees Jan van Eck

Number of nodes: 225427
Number of edges: 7793169

Running Louvain algorithm...
Maximum modularity in 10 random starts: 0.9726
Number of communities: 34
Elapsed time: 159 seconds
Modularity Optimizer version 1.3.0 by Ludo Waltman and Nees Jan van Eck

Number of nodes: 225427
Number of edges: 7793169

Running Louvain algorithm...
Maximum modularity in 10 random starts: 0.9671
Number of communities: 37
Elapsed time: 163 seconds
Modularity Optimizer version 1.3.0 by Ludo Waltman and Nees Jan van Eck

Number of nodes: 225427
Number of edges: 7793169

Running Louvain algorithm...
Maximum modularity in 10 random starts: 0.9617
Number of communities: 38
Elapsed time: 152 seconds
Modularity Optimizer version 1.3.0 by Ludo Waltman and Nees Jan van Eck

Number of nodes: 225427
Number of edges: 7793169

Running Louvain algorithm...
Maximum modularity in 10 random starts: 0.9565
Number of communities: 39
Elapsed time: 126 seconds
Modularity Optimizer version 1.3.0 by Ludo Waltman and Nees Jan van Eck

Number of nodes: 225427
Number of edges: 7793169

Running Louvain algorithm...
Maximum modularity in 10 random starts: 0.9520
Number of communities: 45
Elapsed time: 130 seconds
Modularity Optimizer version 1.3.0 by Ludo Waltman and Nees Jan van Eck

Number of nodes: 225427
Number of edges: 7793169

Running Louvain algorithm...
Maximum modularity in 10 random starts: 0.9480
Number of communities: 47
Elapsed time: 151 seconds
Modularity Optimizer version 1.3.0 by Ludo Waltman and Nees Jan van Eck

Number of nodes: 225427
Number of edges: 7793169

Running Louvain algorithm...
Maximum modularity in 10 random starts: 0.9447
Number of communities: 51
Elapsed time: 127 seconds
Modularity Optimizer version 1.3.0 by Ludo Waltman and Nees Jan van Eck

Number of nodes: 225427
Number of edges: 7793169

Running Louvain algorithm...
Maximum modularity in 10 random starts: 0.9414
Number of communities: 54
Elapsed time: 130 seconds
                      harmony_1   harmony_2 harmony_3  harmony_4   harmony_5
s1_AAACGAACAGATTCGT-1 -3.800912   0.7346711 -4.156066 -0.4900289  4.93967273
s1_AAACGAACAGGCACTC-1 -7.629462 -18.6102411 13.462522  0.2676794  1.83056505
s1_AAACGAAGTCGCCTAG-1 -9.780623   8.9641477  6.440010 -2.2009722  1.41208031
s1_AAACGCTAGCGAGAAA-1 -5.306837   9.5995206  4.396225 -3.1407842  0.04684303
s1_AAACGCTGTTTGTGGT-1 19.975279   0.7873183  3.520376 -6.1194094 -1.50160253
Modularity Optimizer version 1.3.0 by Ludo Waltman and Nees Jan van Eck

Number of nodes: 225427
Number of edges: 6986316

Running Louvain algorithm...
Maximum modularity in 10 random starts: 0.9812
Number of communities: 28
Elapsed time: 137 seconds
Modularity Optimizer version 1.3.0 by Ludo Waltman and Nees Jan van Eck

Number of nodes: 225427
Number of edges: 6986316

Running Louvain algorithm...
Maximum modularity in 10 random starts: 0.9697
Number of communities: 35
Elapsed time: 124 seconds
Modularity Optimizer version 1.3.0 by Ludo Waltman and Nees Jan van Eck

Number of nodes: 225427
Number of edges: 6986316

Running Louvain algorithm...
Maximum modularity in 10 random starts: 0.9591
Number of communities: 38
Elapsed time: 154 seconds
Modularity Optimizer version 1.3.0 by Ludo Waltman and Nees Jan van Eck

Number of nodes: 225427
Number of edges: 6986316

Running Louvain algorithm...
Maximum modularity in 10 random starts: 0.9490
Number of communities: 40
Elapsed time: 126 seconds
Modularity Optimizer version 1.3.0 by Ludo Waltman and Nees Jan van Eck

Number of nodes: 225427
Number of edges: 6986316

Running Louvain algorithm...
Maximum modularity in 10 random starts: 0.9398
Number of communities: 42
Elapsed time: 153 seconds
Modularity Optimizer version 1.3.0 by Ludo Waltman and Nees Jan van Eck

Number of nodes: 225427
Number of edges: 6986316

Running Louvain algorithm...
Maximum modularity in 10 random starts: 0.9324
Number of communities: 43
Elapsed time: 129 seconds
Modularity Optimizer version 1.3.0 by Ludo Waltman and Nees Jan van Eck

Number of nodes: 225427
Number of edges: 6986316

Running Louvain algorithm...
Maximum modularity in 10 random starts: 0.9265
Number of communities: 47
Elapsed time: 157 seconds
Modularity Optimizer version 1.3.0 by Ludo Waltman and Nees Jan van Eck

Number of nodes: 225427
Number of edges: 6986316

Running Louvain algorithm...
Maximum modularity in 10 random starts: 0.9208
Number of communities: 48
Elapsed time: 134 seconds
Modularity Optimizer version 1.3.0 by Ludo Waltman and Nees Jan van Eck

Number of nodes: 225427
Number of edges: 6986316

Running Louvain algorithm...
Maximum modularity in 10 random starts: 0.9151
Number of communities: 52
Elapsed time: 152 seconds
Modularity Optimizer version 1.3.0 by Ludo Waltman and Nees Jan van Eck

Number of nodes: 225427
Number of edges: 6986316

Running Louvain algorithm...
Maximum modularity in 10 random starts: 0.9103
Number of communities: 55
Elapsed time: 151 seconds
20 x 10 sparse Matrix of class "dgCMatrix"
                              
AL627309.1 . . . . . . . . . .
AL627309.5 . . . . . . . . . .
AL627309.4 . . . . . . . . . .
AL669831.2 . . . . . . . . . .
LINC01409  . . . . . . . . . .
FAM87B     . . . . . . . . . .
LINC01128  . . . . . . . . . .
LINC00115  . . . . . . . . . .
FAM41C     . . . . . . . . . .
AL645608.6 . . . . . . . . . .
AL645608.2 . . . . . . . . . .
LINC02593  . . . . . . . . . .
SAMD11     . . . . . . . . . .
NOC2L      . . . . . . . . . .
KLHL17     . . . . . . . . . .
PLEKHN1    . . . . . . . . . .
AL645608.7 . . . . . . . . . .
HES4       . . . . . . . . . .
ISG15      . . . . . . . . . .
AL645608.1 . . . . . . . . . .
20 x 10 sparse Matrix of class "dgCMatrix"
                              
AL627309.1 . . . . . . . . . .
AL627309.5 . . . . . . . . . .
AL627309.4 . . . . . . . . . .
AL669831.2 . . . . . . . . . .
LINC01409  . . . . . . . . . .
FAM87B     . . . . . . . . . .
LINC01128  . . . . . . . . . .
LINC00115  . . . . . . . . . .
FAM41C     . . . . . . . . . .
AL645608.6 . . . . . . . . . .
AL645608.2 . . . . . . . . . .
LINC02593  . . . . . . . . . .
SAMD11     . . . . . . . . . .
NOC2L      . . . . . . . . . .
KLHL17     . . . . . . . . . .
PLEKHN1    . . . . . . . . . .
AL645608.7 . . . . . . . . . .
HES4       . . . . . . . . . .
ISG15      . . . . . . . . . .
AL645608.1 . . . . . . . . . .
           s1_AAACGAACAGATTCGT-1 s1_AAACGAACAGGCACTC-1 s1_AAACGAAGTCGCCTAG-1
PRDM16              -0.419324965           -0.37270237           -0.41063873
SLC2A5              -0.545534712           -0.37379110           -0.40276647
CORT                -0.066303539           -0.04082731           -0.04069077
TNFRSF1B            -0.600559406           -0.43457769           -0.47683156
KAZN                -0.823747876           -0.83127568           -0.87129290
AL357873.1          -0.002379605           -0.05121756           -0.10860216
SRARP               -0.205275551           -0.10568538           -0.13535415
PADI2               -0.714435899           -0.89415414           -0.86051887
VWA5B1              -0.281308128           -0.12973764           -0.15151538
ALPL                -0.155792993           -0.09533145           -0.11901757
C1QC                -0.490751964           -0.30139097           -0.32888589
C1QB                -0.605082309            3.85055998           -0.35329288
ID3                 -0.475796879           -0.35180432            6.33292587
RCAN3AS             -0.080757083           -0.13765890           -0.12516952
RUNX3               -0.229859438           -0.15882432           -0.17452655
TINAGL1             -0.149588312           -0.07040916           -0.09630007
GJA4                -0.104895873           -0.05452755           -0.06422134
CSF3R               -0.554159060           -0.40991938           -0.44425609
GRIK3               -0.210700544           -0.15601251           -0.15667838
AL353604.1           0.005900489           -0.06199229           -0.09154814
           s1_AAACGCTAGCGAGAAA-1 s1_AAACGCTGTTTGTGGT-1 s1_AAAGAACTCCCTTGTG-1
PRDM16                4.39455725           -0.30992303           -0.37430739
SLC2A5               -0.44020855           -0.30154613           -0.40984081
CORT                 -0.06027261           -0.02732206           -0.04768125
TNFRSF1B             -0.49022815           -0.35086958           -0.47629427
KAZN                  0.86740829           -0.08831275           -0.78181717
AL357873.1            0.04497599           -0.06200553           -0.05102868
SRARP                -0.16684296           -0.05105559           -0.14544432
PADI2                -0.83155119           -0.89542332           -0.86518048
VWA5B1               -0.20092582           -0.12931243           -0.15761917
ALPL                 -0.12459993           -0.06097019           -0.11988769
C1QC                 -0.39710189           -0.23908683           -0.34583713
C1QB                 -0.48897651           -0.26483519           -0.38996973
ID3                   6.25175353           -0.26650456           -0.39545480
RCAN3AS              -0.12063042           -0.13829923           -0.12846704
RUNX3                -0.19511859           -0.13294502           -0.17930861
TINAGL1              -0.12097953           -0.02840009           -0.10412153
GJA4                 -0.08411669           -0.04150454           -0.06918132
CSF3R                -0.45268912           -0.32589923           -0.44355903
GRIK3                -0.12558447           -0.27509829           -0.12545163
AL353604.1           -0.00227332           -0.11295470           -0.05715316
           s1_AAAGAACTCGCCTTGT-1 s1_AAAGGATTCATCTGTT-1 s1_AAAGGATTCTATCGGA-1
PRDM16               -0.48819023           -0.39929975          -0.373751735
SLC2A5               -0.45138869           -0.42294160          -0.455655203
CORT                 -0.04019642           -0.04721696          -0.056135661
TNFRSF1B             -0.52025752           -0.48214909          -0.500439696
KAZN                  0.75078089            0.68968305           1.120617973
AL357873.1           -0.12706085           -0.04118822           0.027584701
SRARP                -0.12259329           -0.12798596          -0.137512100
PADI2                -0.80223982           -0.84774650          -0.809656481
VWA5B1               -0.18420464           -0.16630803          -0.205284726
ALPL                 -0.11551451           -0.10948233          -0.109989192
C1QC                 -0.35933709           -0.35044652          -0.393618803
C1QB                 -0.39158577           -0.40022055          -0.480681817
ID3                  -0.41440627           -0.38591475           7.789656336
RCAN3AS              -0.10503403           -0.12272818          -0.112385952
RUNX3                -0.18017865           -0.17629013          -0.188018849
TINAGL1              -0.08154331           -0.08717579          -0.093230944
GJA4                 -0.06497807           -0.06597955          -0.076272669
CSF3R                -0.49094222           -0.45376170          -0.469987686
GRIK3                -0.24845268           -0.17290654          -0.199182868
AL353604.1           -0.07482541           -0.03973170           0.006378694
           s1_AAAGGGCCATCAGTGT-1
PRDM16                3.15093954
SLC2A5               -0.38035849
CORT                 -0.03509976
TNFRSF1B             -0.43641607
KAZN                  1.31364014
AL357873.1           -0.07932600
SRARP                -0.08282557
PADI2                -0.85239616
VWA5B1               -0.15392308
ALPL                 -0.08477108
C1QC                 -0.30076227
C1QB                 -0.33258465
ID3                  -0.33749506
RCAN3AS              -0.12311883
RUNX3                -0.15534182
TINAGL1              -0.05056544
GJA4                 -0.05192852
CSF3R                -0.41181527
GRIK3                -0.25855800
AL353604.1           -0.07898057
[1]  29722 225427
[1]  29722 225427
[1]   2000 225427
