             used    (Mb) gc trigger    (Mb)   max used    (Mb)
Ncells    8827120   471.5   14751142   787.8   13973623   746.3
Vcells 2062505640 15735.7 4228127326 32258.1 4228086212 32257.8
[1]  29511 177445
[1] 177445
10 x 21 sparse Matrix of class "dgCMatrix"
                                                    
AL627309.1 . . . . . . . . . . . . . . . . . . . . .
AL627309.5 . . . . . . . . . . . . . . . . . . . . .
LINC01409  . 1 . . . . . . . . . . . . . 1 . . . 1 .
LINC01128  . . 1 . . . . . . . . . . 2 . . . . . . .
LINC00115  . . . . . . . . . . . . . . . . . . . . .
FAM41C     . . . . . . . . . . . . . . . . . . . . .
NOC2L      . . . . . . . . . . . . . . . 1 . . . . .
KLHL17     . . . . . . . . . . . . . . . . . . . . .
AL645608.7 . . . . . . . . . . . . . . . . . . . . .
HES4       . . . . . . . . . . . . . . . . . . . . .
<0 x 0 matrix>
Modularity Optimizer version 1.3.0 by Ludo Waltman and Nees Jan van Eck

Number of nodes: 177445
Number of edges: 5982344

Running Louvain algorithm...
Maximum modularity in 10 random starts: 0.9738
Number of communities: 20
Elapsed time: 104 seconds
                     harmony_1  harmony_2  harmony_3   harmony_4   harmony_5
AAACCCAAGAGAGTGA-1_1 -5.648409  0.5567805  0.2559687   0.9311947   2.0628805
AAACCCAAGGACACTG-1_1 -1.514823 -1.8030704 -2.3289925 -13.7455219   4.2841178
AAACCCAAGGTGCTTT-1_1 -2.982914  7.7128729 -0.6897757  -6.3317118 -15.9392772
AAACCCACACCATAAC-1_1  7.839214 -5.1271717  1.7886644  -0.4716255  -0.5519906
AAACCCACAGCCCAGT-1_1 12.033174 -9.4546795 -3.0651701   1.1046927   0.6042277
Modularity Optimizer version 1.3.0 by Ludo Waltman and Nees Jan van Eck

Number of nodes: 177445
Number of edges: 5859427

Running Louvain algorithm...
Maximum modularity in 10 random starts: 0.9716
Number of communities: 16
Elapsed time: 85 seconds
20 x 10 sparse Matrix of class "dgCMatrix"
                              
AL627309.1 . . . . . . . . . .
AL627309.5 . . . . . . . . . .
LINC01409  . . . . . 1 . . . .
LINC01128  . . . . 1 . . . . .
LINC00115  . . . . . . . . . .
FAM41C     . . . . . . . . . .
NOC2L      . . . 1 . . . . . .
KLHL17     . . . . . . . . . .
AL645608.7 . . . . . . . . . .
HES4       . . . . . . . . . .
ISG15      . . . . . . . . . .
AGRN       . 1 . . . . . . . .
C1orf159   . . . 0 . 1 . 1 . .
AL390719.3 . . . . . . . . . .
TNFRSF18   . . . . . . . . . .
SDF4       . . . 0 . . 1 1 . .
B3GALT6    . . . 1 . . . . . .
UBE2J2     . . . . . . . . . .
LINC01786  . . . 2 . . . . . .
SCNN1D     . . . . . . . . . .
20 x 10 sparse Matrix of class "dgCMatrix"
                                                                           
AL627309.1 . .         . .         .        .        .        .         . .
AL627309.5 . .         . .         .        .        .        .         . .
LINC01409  . .         . .         .        0.613422 .        .         . .
LINC01128  . .         . .         1.456164 .        .        .         . .
LINC00115  . .         . .         .        .        .        .         . .
FAM41C     . .         . .         .        .        .        .         . .
NOC2L      . .         . 0.3994891 .        .        .        .         . .
KLHL17     . .         . .         .        .        .        .         . .
AL645608.7 . .         . .         .        .        .        .         . .
HES4       . .         . .         .        .        .        .         . .
ISG15      . .         . .         .        .        .        .         . .
AGRN       . 0.7245634 . .         .        .        .        .         . .
C1orf159   . .         . 0.0000000 .        0.613422 .        0.4374527 . .
AL390719.3 . .         . .         .        .        .        .         . .
TNFRSF18   . .         . .         .        .        .        .         . .
SDF4       . .         . 0.0000000 .        .        1.421819 0.4374527 . .
B3GALT6    . .         . 0.3994891 .        .        .        .         . .
UBE2J2     . .         . .         .        .        .        .         . .
LINC01786  . .         . 0.6841697 .        .        .        .         . .
SCNN1D     . .         . .         .        .        .        .         . .
           AAACCCAAGAGAGTGA-1_1 AAACCCAAGGACACTG-1_1 AAACCCAAGGTGCTTT-1_1
PRDM16              -0.32702639          -0.46160004          -0.17983208
AL365255.1          -0.06214824          -0.29591694          -0.06394891
SLC2A5              -0.18216329          -0.18129262          -0.11335060
MIR34AHG            -0.15701305          -0.39961591          -0.13066555
KAZN                -0.91014760           1.71579833           1.44924473
AL357873.1          -0.26833562           1.11406304          -0.19880760
KAZN-AS1            -0.23515627           1.46093178          -0.17953362
SRARP               -0.05593971          -0.08164464          -0.04357613
ALPL                -0.06620104          -0.09992454          -0.05651570
ID3                 -0.14130227          -0.16658972          -0.10368565
TINAGL1             -0.05042184          -0.08749950          -0.04660000
SPOCD1              -0.05339934          -0.05192577          -0.06736966
GRIK3               -0.25563354           4.08335217          -0.23306410
AL353604.1          -0.15304191          -0.43302941          -0.17249561
SLC2A1              -0.17602721          -0.18594506          -0.20733049
TIE1                -0.07045132          -0.09162632          -0.09133818
RNF220              -0.78120426          -0.13789336          -1.25622763
PIK3R3              -0.24324784           2.91863827          -0.24077398
TRABD2B             -0.03733834          -0.01831607          -0.04961153
AGBL4                1.34634555           0.55556769           1.38717871
           AAACCCACACCATAAC-1_1 AAACCCACAGCCCAGT-1_1 AAACCCACATGACTGT-1_1
PRDM16             -0.334015400          -0.14512274          -0.23866694
AL365255.1         -0.582421002          -0.08669892          -0.31471071
SLC2A5              0.002424629          -0.09861301          -0.02669385
MIR34AHG           -0.597344287          -0.13266127          -0.34335762
KAZN               -0.604372301           0.51855787           0.60610605
AL357873.1         -0.799521848          -0.16925164          -0.47436147
KAZN-AS1           -0.795420352          -0.15825837          -0.46780420
SRARP              -0.019235114          -0.02345710          -0.01401177
ALPL               -0.076223621          -0.04448657          -0.05412362
ID3                -0.048811045          -0.07388176          -0.05556607
TINAGL1            -0.035179390          -0.01801563          -0.02340388
SPOCD1             -0.052237611          -0.05252673          -0.06296347
GRIK3               1.107790802          -0.33491559          -0.53211268
AL353604.1         -0.745938206          -0.15699942          -0.45515629
SLC2A1             -0.085565113          -0.13152113          -0.13456260
TIE1               -0.026616078          -0.03666138          -0.04780717
RNF220              0.418573759           2.14830820          -0.52501985
PIK3R3             -0.783806182          -0.27381196          -0.50037728
TRABD2B            -0.005432499          -0.04299173          -0.02923547
AGBL4              -0.185419879          -0.79278354           1.00160463
           AAACCCAGTAAGACCG-1_1 AAACCCAGTCCTTTGC-1_1 AAACCCAGTTGCAAGG-1_1
PRDM16               4.54162134         -0.168252317          -0.17046411
AL365255.1          -0.14193179         -0.455115699          -0.01625558
SLC2A5              -0.14147310          0.049559339          -0.22012046
MIR34AHG            -0.22562741         -0.451519100          -0.11386758
KAZN                -1.19542740         -0.083701242          -0.67049087
AL357873.1          -0.39720481         -0.584861163          -0.13561685
KAZN-AS1            -0.36635592         -0.591757349          -0.10427603
SRARP               -0.02966825         -0.003052802          -0.08951456
ALPL                -0.05508537         -0.055327461          -0.08376513
ID3                  6.20852033         -0.017578069          -0.15592319
TINAGL1             -0.02594923         -0.022626708          -0.08218837
SPOCD1              -0.05636853         -0.069077425          -0.04461737
GRIK3               -0.36295763         -0.663723033          -0.18809046
AL353604.1          -0.26301026          0.979668285          -0.06002172
SLC2A1              -0.14333986         -0.130835787          -0.19815777
TIE1                -0.04708056         -0.050642002          -0.08943502
RNF220              -0.59293261         -0.428032779          -0.79428756
PIK3R3              -0.31809179          0.394236726          -0.21092288
TRABD2B             -0.02782419         -0.026803159          -0.04608559
AGBL4                0.70213550          0.324372677          -0.43933991
           AAACCCAGTTTATGCG-1_1
PRDM16              -0.41706444
AL365255.1          -0.16217026
SLC2A5              -0.14394906
MIR34AHG            -0.24808717
KAZN                 1.82799431
AL357873.1          -0.42191396
KAZN-AS1            -0.39027192
SRARP               -0.03817009
ALPL                -0.06195637
ID3                 -0.12682409
TINAGL1             -0.03693243
SPOCD1              -0.05746647
GRIK3                2.18658451
AL353604.1          -0.28831552
SLC2A1              -0.15678816
TIE1                -0.05871898
RNF220              -0.58706908
PIK3R3               2.51948049
TRABD2B             -0.02788146
AGBL4               -1.22971170
[1]  28173 177445
[1]  28173 177445
[1]   2000 177445
