An object of class Seurat 
35754 features across 262576 samples within 2 assays 
Active assay: RNA (33754 features, 0 variable features)
 1 other assay present: integrated

   s1   s10   s11   s13   s14   s15   s17   s18   s19    s2   s20   s22   s23 
 1384  4369  5830   439  4496  1797  1227  2955  6194  4597  5710  2729  5137 
  s25   s26   s27    s3   s31   s35   s39    s4   s41   s42   s43   s44   s45 
 3652  9582  2338  1640  3127 14826 13980  1795  8948 10149  9196  2198  2568 
  s46   s47   s48   s49    s5   s51   s53   s54   s55   s57    s6   s60   s65 
 4446  9936  6461  6202  3717  9715 16945  5262 16659 10868  2180 16331  5906 
  s69    s7    s8    s9 
 6849  3987  2269  3980 
[1]  33754 262576
[1] 262576
10 x 21 sparse Matrix of class "dgCMatrix"
                                                    
AL627309.1 . . . . . . . . . . . . . . . . . . . . .
AL627309.2 . . . . . . . . . . . . . . . . . . . . .
AC114498.1 . . . . . . . . . . . . . . . . . . . . .
AL669831.2 . . . . . . . . . . . . . . . . . . . . .
AL669831.5 . . . . . . . . . 3 . . . . . . . . . . .
FAM87B     . . . . . . . . . . . . . . . . . . . . .
LINC00115  . . . . . . . . . . . . . . . . . . . . .
FAM41C     . . . . . . . . . . . . . . . . . . . . .
AL645608.7 . . . . . . . . . . . . . . . . . . . . .
AL645608.1 . . . . . . . . . . . . . . . . . . . . .
<0 x 0 matrix>
Modularity Optimizer version 1.3.0 by Ludo Waltman and Nees Jan van Eck

Number of nodes: 262576
Number of edges: 8602164

Running Louvain algorithm...
Maximum modularity in 10 random starts: 0.9742
Number of communities: 22
Elapsed time: 172 seconds
                       harmony_1  harmony_2   harmony_3  harmony_4  harmony_5
s1_AAACGAACAGATTCGT-7  10.774252   5.792014   4.9453968 -0.6717784  1.4493860
s1_AAACGAACAGGCACTC-7   6.001031   7.085940 -20.6913257  0.4307771  1.4315192
s1_AAACGAAGTCGCCTAG-7   7.510792 -10.804615  -3.1715030  3.3556204  1.5748439
s1_AAACGCTAGCGAGAAA-7   5.557448  -9.152902  -0.4765547  4.1301709  0.8722875
s1_AAACGCTGTTTGTGGT-7 -16.441740   1.535081  -0.7573131  6.1389195 -1.2292538
Modularity Optimizer version 1.3.0 by Ludo Waltman and Nees Jan van Eck

Number of nodes: 262576
Number of edges: 7699522

Running Louvain algorithm...
Maximum modularity in 10 random starts: 0.9611
Number of communities: 54
Elapsed time: 173 seconds
20 x 10 sparse Matrix of class "dgCMatrix"
                              
AL627309.1 . . . . . . . . . .
AC114498.1 . . . . . . . . . .
AL669831.2 . . . . . . . . . .
AL669831.5 . . . . 1 . . . . .
FAM87B     . . . . . . . . . .
LINC00115  . . . . . . . . . .
FAM41C     . . . . . . . . . .
AL645608.7 . . . . . . . . . .
AL645608.1 . . . . . . . . . .
SAMD11     . . . . . . . . . .
NOC2L      . . . . . . . . . .
KLHL17     . . . . . . . . . .
PLEKHN1    . . . . . . . . . .
AL645608.8 . . . . . . . . . .
HES4       . . . . . . . . . .
ISG15      . . . . . . . . . .
AL645608.2 . . . . . . . . . .
AGRN       1 . . . . . . . . .
C1orf159   . . . . 1 . . . . .
LINC01342  . . . . . . . . . .
20 x 10 sparse Matrix of class "dgCMatrix"
                                            
AL627309.1 .        . . . .        . . . . .
AC114498.1 .        . . . .        . . . . .
AL669831.2 .        . . . .        . . . . .
AL669831.5 .        . . . 1.369507 . . . . .
FAM87B     .        . . . .        . . . . .
LINC00115  .        . . . .        . . . . .
FAM41C     .        . . . .        . . . . .
AL645608.7 .        . . . .        . . . . .
AL645608.1 .        . . . .        . . . . .
SAMD11     .        . . . .        . . . . .
NOC2L      .        . . . .        . . . . .
KLHL17     .        . . . .        . . . . .
PLEKHN1    .        . . . .        . . . . .
AL645608.8 .        . . . .        . . . . .
HES4       .        . . . .        . . . . .
ISG15      .        . . . .        . . . . .
AL645608.2 .        . . . .        . . . . .
AGRN       2.009548 . . . .        . . . . .
C1orf159   .        . . . 1.369507 . . . . .
LINC01342  .        . . . .        . . . . .
           s1_AAACGAACAGATTCGT-7 s1_AAACGAACAGGCACTC-7 s1_AAACGAAGTCGCCTAG-7
PRDM16              -0.299405816           -0.23235488          -0.226284133
SLC2A5              -0.288254002           -0.19340765          -0.185498595
TNFRSF1B            -0.224217632           -0.17811062          -0.161682698
KAZN                -0.805574139           -0.81821722          -0.896122723
AL357873.1          -0.261606212           -0.16559787          -0.207936643
KAZN-AS1            -0.217731202           -0.14539642          -0.186063679
SRARP               -0.136717239           -0.06842002          -0.073085345
AL359815.1          -0.006010154           -0.01007757          -0.008795045
C1QB                -0.498774527            3.99646222          -0.260491991
ID3                 -0.235361691           -0.17008744           6.523699405
RUNX3               -0.072675119           -0.06172263          -0.056659386
TINAGL1             -0.125557632           -0.05844153          -0.065949120
GJA4                -0.051223159           -0.02413911          -0.027531760
CSF3R               -0.229942128           -0.17674100          -0.160582949
GRIK3               -0.285913197           -0.20030001          -0.248310652
AL353604.1          -0.107223837           -0.09952402          -0.141606312
HEYL                -0.085709852           -0.04581143          -0.049562349
PIK3R3              -0.349229689           -0.15955325          -0.229813399
AL358075.2          -0.031958344           -0.01986671          -0.024465774
AGBL4                1.031592796           -0.44116783           0.777650881
           s1_AAACGCTAGCGAGAAA-7 s1_AAACGCTGTTTGTGGT-7 s1_AAAGAACTCCCTTGTG-7
PRDM16               5.161791046          -0.270224906          -0.251189456
SLC2A5              -0.232471164          -0.184725348          -0.226530705
TNFRSF1B            -0.183214063          -0.165569842          -0.200706723
KAZN                 0.978691212           0.056730073          -0.786206480
AL357873.1          -0.185251112          -0.211700144          -0.233080996
KAZN-AS1            -0.149384522          -0.199106340          -0.198614576
SRARP               -0.113749481          -0.050041075          -0.104581523
AL359815.1          -0.007568954          -0.009759953          -0.007892251
C1QB                -0.409754414          -0.221998589          -0.314669111
ID3                  6.893483177          -0.152869612          -0.203175227
RUNX3               -0.066213185          -0.055337068          -0.065778901
TINAGL1             -0.104915944          -0.039647673          -0.097397067
GJA4                -0.040517105          -0.021511488          -0.036844808
CSF3R               -0.185389557          -0.164955733          -0.200678138
GRIK3               -0.218017386          -0.296022606          -0.206718815
AL353604.1          -0.073118824          -0.179069661          -0.102568018
HEYL                -0.068125113          -0.041908934          -0.064662617
PIK3R3              -0.249094675          -0.240972475          -0.224733635
AL358075.2          -0.025295035          -0.023589616          -0.026424463
AGBL4                2.518376122          -0.804691340          -0.565964303
           s1_AAAGAACTCGCCTTGT-7 s1_AAAGGATTCATCTGTT-7 s1_AAAGGATTCTATCGGA-7
PRDM16              -0.353045976          -0.277300527          -0.240100026
SLC2A5              -0.269701218          -0.240070017          -0.237379265
TNFRSF1B            -0.238508383          -0.207526226          -0.186265934
KAZN                 1.212265056           0.811505311           1.307834738
AL357873.1          -0.263577470          -0.196242411          -0.147428966
KAZN-AS1            -0.233517416          -0.167893697          -0.120153733
SRARP               -0.096464685          -0.092629772          -0.094606203
AL359815.1          -0.008326464          -0.008928761          -0.008907031
C1QB                -0.342068039          -0.336563587          -0.404509467
ID3                 -0.217564438          -0.199834867           8.476589880
RUNX3               -0.071408452          -0.068470761          -0.067485175
TINAGL1             -0.082723966          -0.080310760          -0.080843220
GJA4                -0.037232375          -0.033842727          -0.035009205
CSF3R               -0.241700652          -0.209361635          -0.189667325
GRIK3               -0.282871918          -0.231543356          -0.242754622
AL353604.1          -0.140758662          -0.096274378          -0.074124510
HEYL                -0.068031074          -0.060951007          -0.060815545
PIK3R3              -0.277910831          -0.221443219          -0.235996561
AL358075.2          -0.027910001          -0.023510622          -0.021813210
AGBL4               -0.861361582          -0.620554434          -0.641862911
           s1_AAAGGGCCATCAGTGT-7
PRDM16               3.723405573
SLC2A5              -0.218503999
TNFRSF1B            -0.185115180
KAZN                 1.277752919
AL357873.1          -0.209052419
KAZN-AS1            -0.189037880
SRARP               -0.071956434
AL359815.1          -0.009086774
C1QB                -0.307152009
ID3                 -0.176241606
RUNX3               -0.061608518
TINAGL1             -0.059742669
GJA4                -0.029018440
CSF3R               -0.186780643
GRIK3               -0.291894787
AL353604.1          -0.149390857
HEYL                -0.053201602
PIK3R3              -0.261945863
AL358075.2          -0.024600877
AGBL4                3.144715264
[1]  30300 262576
[1]  30300 262576
[1]   2000 262576
