An object of class Seurat 
35754 features across 262576 samples within 2 assays 
Active assay: RNA (33754 features, 0 variable features)
 1 other assay present: integrated

   s1   s10   s11   s13   s14   s15   s17   s18   s19    s2   s20   s22   s23 
 1384  4369  5830   439  4496  1797  1227  2955  6194  4597  5710  2729  5137 
  s25   s26   s27    s3   s31   s35   s39    s4   s41   s42   s43   s44   s45 
 3652  9582  2338  1640  3127 14826 13980  1795  8948 10149  9196  2198  2568 
  s46   s47   s48   s49    s5   s51   s53   s54   s55   s57    s6   s60   s65 
 4446  9936  6461  6202  3717  9715 16945  5262 16659 10868  2180 16331  5906 
  s69    s7    s8    s9 
 6849  3987  2269  3980 
[1]  33754 262576
[1] 262576
10 x 21 sparse Matrix of class "dgCMatrix"
                                                    
AL627309.1 . . . . . . . . . . . . . . . . . . . . .
AL627309.2 . . . . . . . . . . . . . . . . . . . . .
AC114498.1 . . . . . . . . . . . . . . . . . . . . .
AL669831.2 . . . . . . . . . . . . . . . . . . . . .
AL669831.5 . . . . . . . . . 3 . . . . . . . . . . .
FAM87B     . . . . . . . . . . . . . . . . . . . . .
LINC00115  . . . . . . . . . . . . . . . . . . . . .
FAM41C     . . . . . . . . . . . . . . . . . . . . .
AL645608.7 . . . . . . . . . . . . . . . . . . . . .
AL645608.1 . . . . . . . . . . . . . . . . . . . . .
<0 x 0 matrix>
Modularity Optimizer version 1.3.0 by Ludo Waltman and Nees Jan van Eck

Number of nodes: 262576
Number of edges: 8628169

Running Louvain algorithm...
Maximum modularity in 10 random starts: 0.9766
Number of communities: 30
Elapsed time: 159 seconds
                      harmony_1   harmony_2  harmony_3  harmony_4  harmony_5
s1_AAACGAACAGATTCGT-7 -4.746481   2.7075392 -3.6736152  0.4555684 -0.0200051
s1_AAACGAACAGGCACTC-7 -4.960087   7.2896117 21.2656546 -0.5352072 -1.5067795
s1_AAACGAAGTCGCCTAG-7 -8.388833 -10.5922008  3.1239659 -3.3460451 -1.2417446
s1_AAACGCTAGCGAGAAA-7 -4.902520  -9.8012265  0.4496170 -4.2002073 -1.2783985
s1_AAACGCTGTTTGTGGT-7 16.271010  -0.2567439 -0.1183299 -5.2321634  1.5399711
Modularity Optimizer version 1.3.0 by Ludo Waltman and Nees Jan van Eck

Number of nodes: 262576
Number of edges: 7863732

Running Louvain algorithm...
Maximum modularity in 10 random starts: 0.9692
Number of communities: 48
Elapsed time: 181 seconds
20 x 10 sparse Matrix of class "dgCMatrix"
                              
AL627309.1 . . . . . . . . . .
AC114498.1 . . . . . . . . . .
AL669831.2 . . . . . . . . . .
AL669831.5 . . . . 1 . . . . .
FAM87B     . . . . . . . . . .
LINC00115  . . . . . . . . . .
FAM41C     . . . . . . . . . .
AL645608.7 . . . . . . . . . .
AL645608.1 . . . . . . . . . .
SAMD11     . . . . . . . . . .
NOC2L      . . . . . . . . . .
KLHL17     . . . . . . . . . .
PLEKHN1    . . . . . . . . . .
AL645608.8 . . . . . . . . . .
HES4       . . . . . . . . . .
ISG15      . . . . . . . . . .
AL645608.2 . . . . . . . . . .
AGRN       1 . . . . . . . . .
C1orf159   . . . . 1 . . . . .
LINC01342  . . . . . . . . . .
20 x 10 sparse Matrix of class "dgCMatrix"
                                            
AL627309.1 .        . . . .        . . . . .
AC114498.1 .        . . . .        . . . . .
AL669831.2 .        . . . .        . . . . .
AL669831.5 .        . . . 1.369507 . . . . .
FAM87B     .        . . . .        . . . . .
LINC00115  .        . . . .        . . . . .
FAM41C     .        . . . .        . . . . .
AL645608.7 .        . . . .        . . . . .
AL645608.1 .        . . . .        . . . . .
SAMD11     .        . . . .        . . . . .
NOC2L      .        . . . .        . . . . .
KLHL17     .        . . . .        . . . . .
PLEKHN1    .        . . . .        . . . . .
AL645608.8 .        . . . .        . . . . .
HES4       .        . . . .        . . . . .
ISG15      .        . . . .        . . . . .
AL645608.2 .        . . . .        . . . . .
AGRN       2.009548 . . . .        . . . . .
C1orf159   .        . . . 1.369507 . . . . .
LINC01342  .        . . . .        . . . . .
           s1_AAACGAACAGATTCGT-7 s1_AAACGAACAGGCACTC-7 s1_AAACGAAGTCGCCTAG-7
PRDM16               -0.29815319         -0.2308400525          -0.224330139
SLC2A5               -0.45439856         -0.2896504274          -0.299922762
TNFRSF1B             -0.47797025         -0.3231977938          -0.333680095
KAZN                 -0.62139509         -0.7139078034          -0.771943717
AL357873.1            0.08808393          0.0230734468           0.013915771
KAZN-AS1              0.08495098          0.0171505206           0.004912688
SRARP                -0.20711278         -0.1070139091          -0.118608649
AL359815.1           -0.03607515         -0.0270826578          -0.028958637
C1QB                 -0.63308160          3.9280561279          -0.358189217
ID3                  -0.48915965         -0.3138300694           6.390697252
RUNX3                -0.19379160         -0.1305542467          -0.138313703
TINAGL1              -0.15592485         -0.0759804565          -0.086816315
GJA4                 -0.09289387         -0.0465430411          -0.053871529
CSF3R                -0.44066842         -0.2965664990          -0.302563945
GRIK3                -0.15630745         -0.1256681744          -0.159563848
AL353604.1            0.06866722          0.0009734411          -0.022290394
HEYL                 -0.13041413         -0.0708061348          -0.079143018
PIK3R3               -0.05655917          0.0072077906          -0.032211105
AL358075.2           -0.02839977         -0.0169915023          -0.020889341
AGBL4                 1.56733331         -0.1607680175           1.140182647
           s1_AAACGCTAGCGAGAAA-7 s1_AAACGCTGTTTGTGGT-7 s1_AAAGAACTCCCTTGTG-7
PRDM16               5.162689663           -0.26755153          -0.249804806
SLC2A5              -0.371284723           -0.29322220          -0.346003979
TNFRSF1B            -0.395970994           -0.32653784          -0.382054951
KAZN                 1.138352435            0.17617369          -0.655205733
AL357873.1           0.112185953           -0.01566745           0.009397864
KAZN-AS1             0.108282719           -0.03124185           0.010899599
SRARP               -0.173337129           -0.09095472          -0.153865209
AL359815.1          -0.032833887           -0.02846115          -0.029258357
C1QB                -0.520567934           -0.31862653          -0.413482354
ID3                  6.719680014           -0.31074792          -0.383731893
RUNX3               -0.167891352           -0.13139492          -0.152054506
TINAGL1             -0.130305174           -0.05938861          -0.119201967
GJA4                -0.075947270           -0.04469736          -0.065744654
CSF3R               -0.362277569           -0.29718986          -0.350857942
GRIK3               -0.109562133           -0.21233550          -0.113766757
AL353604.1           0.074337907           -0.06734251           0.023044689
HEYL                -0.105793808           -0.06903447          -0.096255162
PIK3R3              -0.003138776           -0.05692295          -0.015991416
AL358075.2          -0.022610774           -0.01935167          -0.023366728
AGBL4                3.006176020           -0.50251574          -0.214505918
           s1_AAAGAACTCGCCTTGT-7 s1_AAAGGATTCATCTGTT-7 s1_AAAGGATTCTATCGGA-7
PRDM16              -0.350883719           -0.27589114         -0.2391639183
SLC2A5              -0.396960566           -0.35944857         -0.3705203209
TNFRSF1B            -0.429891399           -0.38864343         -0.3898005860
KAZN                 1.357330879            0.94748530          1.4618243918
AL357873.1          -0.017482592            0.04595143          0.1346765971
KAZN-AS1            -0.021578121            0.04125123          0.1239475792
SRARP               -0.147046483           -0.14178040         -0.1511874784
AL359815.1          -0.030723673           -0.03025770         -0.0330309366
C1QB                -0.450711243           -0.43546995         -0.5118022453
ID3                 -0.406851552           -0.38005978          8.3211857087
RUNX3               -0.162117372           -0.15461000         -0.1646529173
TINAGL1             -0.105901122           -0.10208865         -0.1051763617
GJA4                -0.066499478           -0.06265161         -0.0685432880
CSF3R               -0.399654324           -0.35933063         -0.3587311888
GRIK3               -0.184315106           -0.13874680         -0.1389020697
AL353604.1          -0.008185561            0.02917555          0.0669450816
HEYL                -0.100892972           -0.09247790         -0.0967087495
PIK3R3              -0.058600786           -0.01301027         -0.0008989452
AL358075.2          -0.023943485           -0.02042845         -0.0190314032
AGBL4               -0.498289190           -0.27095345         -0.2458189131
           s1_AAAGGGCCATCAGTGT-7
PRDM16                3.72567836
SLC2A5               -0.34174677
TNFRSF1B             -0.37016664
KAZN                  1.41859328
AL357873.1            0.02874775
KAZN-AS1              0.01554578
SRARP                -0.12076977
AL359815.1           -0.03075914
C1QB                 -0.41277427
ID3                  -0.35921030
RUNX3                -0.14940193
TINAGL1              -0.08220427
GJA4                 -0.05722060
CSF3R                -0.33948381
GRIK3                -0.19641864
AL353604.1           -0.02103383
HEYL                 -0.08496876
PIK3R3               -0.04958664
AL358075.2           -0.02067640
AGBL4                 3.58747788
[1]  30300 262576
[1]  30300 262576
[1]   2000 262576
