An object of class Seurat 
36601 features across 260287 samples within 1 assay 
Active assay: RNA (36601 features, 0 variable features)

   s1   s10   s11   s13   s14   s15   s17   s18   s19    s2   s20   s22   s23 
 1384  4366  5298   439  4496  1653  1227  2946  6194  4596  5255  2690  5023 
  s25   s26   s27    s3   s31   s35   s39    s4   s41   s42   s43   s44   s45 
 3591  9250  2334  1640  2578 14826 13980  1795  8948 10149  9196  2198  2568 
  s46   s47   s48   s49    s5   s51   s53   s54   s55   s57    s6   s60   s65 
 4446  9936  6461  6202  3717  9715 16945  5262 16659 10868  2180 16331  5906 
  s69    s7    s8    s9 
 6849  3961  2255  3974 
[1]  36601 260287
[1] 260287
20 x 21 sparse Matrix of class "dgCMatrix"
                                                     
MIR1302-2HG . . . . . . . . . . . . . . . . . . . . .
FAM138A     . . . . . . . . . . . . . . . . . . . . .
OR4F5       . . . . . . . . . . . . . . . . . . . . .
AL627309.1  . . . . . . . . . . . . . . . . . . . . .
AL627309.3  . . . . . . . . . . . . . . . . . . . . .
AL627309.2  . . . . . . . . . . . . . . . . . . . . .
AL627309.5  . . . . . . . . . . . . . . . . . . . . .
AL627309.4  . . . . . . . . . . . . . . . . . . . . .
AP006222.2  . . . . . . . . . . . . . . . . . . . . .
AL732372.1  . . . . . . . . . . . . . . . . . . . . .
OR4F29      . . . . . . . . . . . . . . . . . . . . .
AC114498.1  . . . . . . . . . . . . . . . . . . . . .
OR4F16      . . . . . . . . . . . . . . . . . . . . .
AL669831.2  . . . . . . . . . . . . . . . . . . . . .
LINC01409   . . . . . . . . . 3 . . . . . . . . 1 . .
FAM87B      . . . . . . . . . . . . . . . . . . . . .
LINC01128   . . . . . . . . . . . . . . . . . . . . 1
LINC00115   . . . . . . . . . . . . . . . . . . . . .
FAM41C      . . . . . . . . . . . . . . . . . . . . .
AL645608.6  . . . . . . . . . . . . . . . . . . . . .
<0 x 0 matrix>
Modularity Optimizer version 1.3.0 by Ludo Waltman and Nees Jan van Eck

Number of nodes: 260287
Number of edges: 8791279

Running Louvain algorithm...
Maximum modularity in 10 random starts: 0.9790
Number of communities: 27
Elapsed time: 206 seconds
                       harmony_1 harmony_2 harmony_3 harmony_4   harmony_5
s1_AAACGAACAGATTCGT-1   9.057187 -3.415007  1.208791  1.849124 -14.9545812
s1_AAACGAACAGGCACTC-1  10.195234  5.807345 26.332187 -1.369381   2.8904640
s1_AAACGAAGTCGCCTAG-1   9.455338 15.064647 -7.636656 -2.978765  -3.6002561
s1_AAACGCTAGCGAGAAA-1   6.843635 13.603420 -8.412856 -4.011300  -2.0161960
s1_AAACGCTGTTTGTGGT-1 -20.760128  2.175330  1.198925 -6.730638  -0.7633653
Modularity Optimizer version 1.3.0 by Ludo Waltman and Nees Jan van Eck

Number of nodes: 260287
Number of edges: 7955107

Running Louvain algorithm...
Maximum modularity in 10 random starts: 0.9670
Number of communities: 22
Elapsed time: 168 seconds
20 x 10 sparse Matrix of class "dgCMatrix"
                              
AL627309.1 . . . . . . . . . .
AL627309.5 . . . . . . . . . .
AL627309.4 . . . . . . . . . .
AL669831.2 . . . . . . . . . .
LINC01409  . . . . . . . . . .
FAM87B     . . . . . . . . . .
LINC01128  . . . . . . . . . .
LINC00115  . . . . . . . . . .
FAM41C     . . . . . . . . . .
AL645608.6 . . . . . . . . . .
AL645608.2 . . . . . . . . . .
LINC02593  . . . . . . . . . .
SAMD11     . . . . . . . . . .
NOC2L      . . . . . . . . . .
KLHL17     . . . . . . . . . .
PLEKHN1    . . . . . . . . . .
AL645608.7 . . . . . . . . . .
HES4       . . . . . . . . . .
ISG15      . . . . . . . . . .
AL645608.1 . . . . . . . . . .
20 x 10 sparse Matrix of class "dgCMatrix"
                              
AL627309.1 . . . . . . . . . .
AL627309.5 . . . . . . . . . .
AL627309.4 . . . . . . . . . .
AL669831.2 . . . . . . . . . .
LINC01409  . . . . . . . . . .
FAM87B     . . . . . . . . . .
LINC01128  . . . . . . . . . .
LINC00115  . . . . . . . . . .
FAM41C     . . . . . . . . . .
AL645608.6 . . . . . . . . . .
AL645608.2 . . . . . . . . . .
LINC02593  . . . . . . . . . .
SAMD11     . . . . . . . . . .
NOC2L      . . . . . . . . . .
KLHL17     . . . . . . . . . .
PLEKHN1    . . . . . . . . . .
AL645608.7 . . . . . . . . . .
HES4       . . . . . . . . . .
ISG15      . . . . . . . . . .
AL645608.1 . . . . . . . . . .
           s1_AAACGAACAGATTCGT-1 s1_AAACGAACAGGCACTC-1 s1_AAACGAAGTCGCCTAG-1
HES4                 -0.11520959           -0.09319889           -0.11903041
TTC34                -0.28597714           -0.23591214           -0.26452521
PRDM16               -0.35829316           -0.30358936           -0.35108456
AL365255.1           -0.10955953           -0.05549540           -0.05623448
CHD5                 -0.26810048           -0.14856778           -0.15424896
SLC2A5               -0.38207662           -0.34419370           -0.39760053
MIR34AHG             -0.30629330           -0.23814275           -0.26352472
CORT                 -0.03218226           -0.03829865           -0.04345516
TNFRSF1B             -0.45750344           -0.40853105           -0.46991778
DHRS3                 5.72364879           -0.35874944           -0.41228681
C1orf158             -0.20799512           -0.17722512           -0.19988587
KAZN                 -0.98596770           -0.85115284           -0.79951079
AL357873.1           -0.15161719           -0.07955341           -0.09353881
KAZN-AS1             -0.13683278           -0.06271508           -0.07213368
TMEM51               -0.30200992            6.13416549           -0.29220541
FHAD1                -0.29619786           -0.23706935           -0.26748506
SRARP                -0.13212637           -0.12014816           -0.15149743
PADI2                -0.77508858           -0.84261956           -0.82687797
IGSF21               -0.38934475           -0.27946980           -0.30034685
PLA2G5               10.00000000           -0.05017025           -0.06431325
           s1_AAACGCTAGCGAGAAA-1 s1_AAACGCTGTTTGTGGT-1 s1_AAAGAACTCCCTTGTG-1
HES4                 -0.08982773           -0.05230449           -0.10074035
TTC34                -0.22571555           -0.21611879           -0.23653790
PRDM16                4.63497207           -0.24253299           -0.31317288
AL365255.1           -0.04195427           -0.10738611           -0.03963402
CHD5                 -0.11896864            1.66157053           -0.11571829
SLC2A5               -0.33914218           -0.25207324           -0.36207971
MIR34AHG             -0.22312459           -0.24415764           -0.23155531
CORT                 -0.04027018           -0.01969858           -0.04296635
TNFRSF1B             -0.40135872           -0.30803735           -0.42745604
DHRS3                -0.34875066           -0.28587990           -0.37077799
C1orf158             -0.17138404           -0.15273136           -0.18039251
KAZN                  0.74758642           -0.18216864           -0.78227378
AL357873.1           -0.06259460           -0.11713930           -0.06553960
KAZN-AS1             -0.04485638           -0.11343443           -0.04557922
TMEM51               -0.24700823           -0.21279240           -0.26171732
FHAD1                -0.22474352           -0.22189709           -0.23595654
SRARP                -0.11976416           -0.05588742           -0.13373366
PADI2                -0.85829055           -0.81380100           -0.85430661
IGSF21               -0.25357542           -0.33786096           -0.25785833
PLA2G5               -0.04822836           -0.02815964           -0.05418430
           s1_AAAGAACTCGCCTTGT-1 s1_AAAGGATTCATCTGTT-1 s1_AAAGGATTCTATCGGA-1
HES4                 -0.10760736           -0.08960610           -0.06713517
TTC34                -0.27593622           -0.23617817           -0.21691519
PRDM16               -0.34341749           -0.29933637           -0.26113886
AL365255.1           -0.10597155           -0.06422551           -0.07529054
CHD5                 -0.25919411           -0.16673661           -0.18692456
SLC2A5               -0.36683989           -0.33550526           -0.28737590
MIR34AHG             -0.29588885           -0.24230290           -0.23041661
CORT                 -0.03132764           -0.03584408           -0.02905554
TNFRSF1B             -0.43964763           -0.39944185           -0.34531070
DHRS3                 4.74956189           -0.35328190           -0.30933233
C1orf158             -0.20060312           -0.17596790           -0.15876646
KAZN                  0.74994825            0.62965696            0.94745966
AL357873.1           -0.14370740           -0.08755078           -0.08856359
KAZN-AS1             -0.12989199           -0.07233039           -0.07861853
TMEM51               -0.29028079           -0.25303849           -0.22454045
FHAD1                -0.28515162           -0.23832899           -0.21914723
SRARP                -0.12382965           -0.11335233           -0.08285311
PADI2                -0.78313492           -0.83586311           -0.83769908
IGSF21               -0.37739214           -0.29178826           -0.29380410
PLA2G5               -0.05841705           -0.04826633           -0.03604701
           s1_AAAGGGCCATCAGTGT-1
HES4                 -0.07820531
TTC34                -0.23932202
PRDM16                3.43186194
AL365255.1           -0.09671262
CHD5                 -0.23465987
SLC2A5               -0.30725205
MIR34AHG             -0.25966958
CORT                 -0.02711409
TNFRSF1B             -0.37030107
DHRS3                -0.33700385
C1orf158             -0.17300462
KAZN                  1.27451875
AL357873.1           -0.11831373
KAZN-AS1             -0.10875979
TMEM51               -0.24623276
FHAD1                -0.24529978
SRARP                -0.09046827
PADI2                -0.80957772
IGSF21               -0.33912279
PLA2G5               -0.04225895
[1]  29722 260287
[1]  29722 260287
[1]   4000 260287
